<?xml version="1.0" encoding="UTF-8"?>
<testsuite xmlns:xsi="http://www.w3.org/2001/XMLSchema-instance" xsi:noNamespaceSchemaLocation="https://maven.apache.org/surefire/maven-surefire-plugin/xsd/surefire-test-report-3.0.xsd" version="3.0" name="jar.AppTest" time="0.025" tests="1" errors="0" skipped="0" failures="0">
  <properties>
    <property name="java.specification.version" value="18"/>
    <property name="sun.cpu.isalist" value="amd64"/>
    <property name="sun.jnu.encoding" value="Cp1252"/>
    <property name="java.class.path" value="C:\Users\abhishesrivasta6\Desktop\Maven and Webserver Basics\Mave-Nexus-Deployment\abhi\target\test-classes;C:\Users\abhishesrivasta6\Desktop\Maven and Webserver Basics\Mave-Nexus-Deployment\abhi\target\classes;C:\Users\abhishesrivasta6\.m2\repository\junit\junit\3.8.1\junit-3.8.1.jar;"/>
    <property name="java.vm.vendor" value="Oracle Corporation"/>
    <property name="sun.arch.data.model" value="64"/>
    <property name="user.variant" value=""/>
    <property name="java.vendor.url" value="https://java.oracle.com/"/>
    <property name="user.timezone" value="Asia/Calcutta"/>
    <property name="os.name" value="Windows 10"/>
    <property name="java.vm.specification.version" value="18"/>
    <property name="sun.java.launcher" value="SUN_STANDARD"/>
    <property name="user.country" value="US"/>
    <property name="sun.boot.library.path" value="C:\Program Files\Java\jdk-18.0.1\bin"/>
    <property name="sun.java.command" value="C:\Users\abhishesrivasta6\AppData\Local\Temp\surefire467002410436154535\surefirebooter-20230323174649776_3.jar C:\Users\abhishesrivasta6\AppData\Local\Temp\surefire467002410436154535 2023-03-23T17-46-49_579-jvmRun1 surefire-20230323174649776_1tmp surefire_0-20230323174649776_2tmp"/>
    <property name="jdk.debug" value="release"/>
    <property name="surefire.test.class.path" value="C:\Users\abhishesrivasta6\Desktop\Maven and Webserver Basics\Mave-Nexus-Deployment\abhi\target\test-classes;C:\Users\abhishesrivasta6\Desktop\Maven and Webserver Basics\Mave-Nexus-Deployment\abhi\target\classes;C:\Users\abhishesrivasta6\.m2\repository\junit\junit\3.8.1\junit-3.8.1.jar;"/>
    <property name="sun.cpu.endian" value="little"/>
    <property name="user.home" value="C:\Users\abhishesrivasta6"/>
    <property name="user.language" value="en"/>
    <property name="java.specification.vendor" value="Oracle Corporation"/>
    <property name="java.version.date" value="2022-04-19"/>
    <property name="java.home" value="C:\Program Files\Java\jdk-18.0.1"/>
    <property name="file.separator" value="\"/>
    <property name="basedir" value="C:\Users\abhishesrivasta6\Desktop\Maven and Webserver Basics\Mave-Nexus-Deployment\abhi"/>
    <property name="java.vm.compressedOopsMode" value="Zero based"/>
    <property name="line.separator" value="&#10;"/>
    <property name="java.vm.specification.vendor" value="Oracle Corporation"/>
    <property name="java.specification.name" value="Java Platform API Specification"/>
    <property name="surefire.real.class.path" value="C:\Users\abhishesrivasta6\AppData\Local\Temp\surefire467002410436154535\surefirebooter-20230323174649776_3.jar"/>
    <property name="user.script" value=""/>
    <property name="sun.management.compiler" value="HotSpot 64-Bit Tiered Compilers"/>
    <property name="java.runtime.version" value="18.0.1+10-24"/>
    <property name="user.name" value="abhishesrivasta6"/>
    <property name="path.separator" value=";"/>
    <property name="os.version" value="10.0"/>
    <property name="java.runtime.name" value="Java(TM) SE Runtime Environment"/>
    <property name="file.encoding" value="UTF-8"/>
    <property name="java.vm.name" value="Java HotSpot(TM) 64-Bit Server VM"/>
    <property name="localRepository" value="C:\Users\abhishesrivasta6\.m2\repository"/>
    <property name="java.vendor.url.bug" value="https://bugreport.java.com/bugreport/"/>
    <property name="java.io.tmpdir" value="C:\Users\ABHISH~1\AppData\Local\Temp\"/>
    <property name="java.version" value="18.0.1"/>
    <property name="user.dir" value="C:\Users\abhishesrivasta6\Desktop\Maven and Webserver Basics\Mave-Nexus-Deployment\abhi"/>
    <property name="os.arch" value="amd64"/>
    <property name="java.vm.specification.name" value="Java Virtual Machine Specification"/>
    <property name="sun.os.patch.level" value=""/>
    <property name="native.encoding" value="Cp1252"/>
    <property name="java.library.path" value="C:\Program Files\Java\jdk-18.0.1\bin;C:\WINDOWS\Sun\Java\bin;C:\WINDOWS\system32;C:\WINDOWS;C:\Users\abhishesrivasta6\bin;C:\Users\abhishesrivasta6\AppData\Local\Programs\Git\mingw64\bin;C:\Users\abhishesrivasta6\AppData\Local\Programs\Git\usr\local\bin;C:\Users\abhishesrivasta6\AppData\Local\Programs\Git\usr\bin;C:\Users\abhishesrivasta6\AppData\Local\Programs\Git\usr\bin;C:\Users\abhishesrivasta6\AppData\Local\Programs\Git\mingw64\bin;C:\Users\abhishesrivasta6\AppData\Local\Programs\Git\usr\bin;C:\Users\abhishesrivasta6\bin;C:\Program Files\Java\jdk-18.0.1\bin;C:\Program Files\Java\jdk-17.0.4\bin;C:\Users\abhishesrivasta6\Downloads;C:\Users\abhishesrivasta6\Downloads\apache-maven-3.9.1-bin\apache-maven-3.9.1\bin;C:\Program Files (x86)\Microsoft SDKs\Azure\CLI2\wbin;C:\Users\abhishesrivasta6\Desktop\Git;C:\Program Files\Common Files\Oracle\Java\javapath;C:\Program Files (x86)\Common Files\Oracle\Java\javapath;C:\Program Files\Java\jdk-17.0.4;C:\WINDOWS\system32;C:\ProgramData;C:\WINDOWS;C:\WINDOWS\System32\Wbem;C:\WINDOWS\System32\WindowsPowerShell\v1.0;C:\WINDOWS\System32\OpenSSH;C:\Users\amansingh3\AppData\Local\Microsoft\WindowsApps;C:\Users\abhishesrivasta6\AppData\Roaming\Microsoft\Windows\Start Menu\Programs\Python 3.9;C:\Program Files\nodejs;C:\WINDOWS\system32;C:\WINDOWS;C:\WINDOWS\System32\Wbem;C:\WINDOWS\System32\WindowsPowerShell\v1.0;C:\WINDOWS\System32\OpenSSH;C:\ProgramData\Microsoft\Windows\Start Menu\Programs\Node.js;C:\ProgramData\Jenkins;C:\Users\abhishesrivasta6\OneDrive - Deloitte (O365D)\Documents\AnypointStudio\plugins;C:\Users\abhishesrivasta6\Downloads\apache-maven-3.8.5-bin\apache-maven-3.8.5\bin;C:\Program Files\PuTTY;C:\Users\abhishesrivasta6\AppData\Local\Programs\Git\cmd\git.exe;C:\Users\abhishesrivasta6\Documents\apache-ant-1.10.12-bin\apache-ant-1.10.12\bin;C:\Users\abhishesrivasta6\Documents\apache-ant-1.10.12-bin\apache-ant-1.10.12\bin;C:\Program Files\Jenkins;C:\Users\abhishesrivasta6\Documents\apache-ant-1.10.12-bin\apache-ant-1.10.12\bin;C:\Program Files\sfdx\bin;C:\Program Files\RTF;C:\Users\abhishesrivasta6\Downloads;C:\Program Files\Docker\Docker\resources\bin;C:\Program Files\Kubernetes\Minikube;C:\Users\abhishesrivasta6\AppData\Roaming\Microsoft\Windows\Start Menu\Programs\Kubernetes;C:\Program Files\Amazon\AWSCLIV2;C:\Users\abhishesrivasta6\Downloads;C:\Program Files (x86)\GnuWin32\bin;C:\Users\abhishesrivasta6\Documents\helm-v3.11.2-windows-amd64\windows-amd64;C:\Users\abhishesrivasta6\Downloads\nexus-3.49.0-02-win64\nexus-3.49.0-02\bin;C:\Program Files\Java\jdk-18.0.1;C:\Program Files\Java\jdk-18.0.1\bin;C:\Program Files\Java\jdk-17.0.4;C:\Program Files\Java\jdk-17.0.4\bin;C:\Program Files\Java\jdk-18.0.1\bin;C:\Users\abhishesrivasta6\Documents\apache-ant-1.10.12-bin\apache-ant-1.10.12\bin;C:\Users\abhishesrivasta6\AppData\Local\Programs\Python\Python39\Scripts;C:\Users\abhishesrivasta6\AppData\Local\Programs\Python\Python39;C:\Users\abhishesrivasta6\AppData\Roaming\Microsoft\Windows\Start Menu\Programs\Python 3.9;C:\Users\abhishesrivasta6\Desktop\Git;C:\Users\abhishesrivasta6\AppData\Local\Microsoft\WindowsApps;C:\Program Files\JetBrains\PyCharm Community Edition 2021.1.1\bin;C:\Users\abhishesrivasta6\AppData\Local\Programs\Microsoft VS Code\bin;C:\Users\abhishesrivasta6\AppData\Roaming\npm;C:\Users\abhishesrivasta6\AppData\Local\Programs\Git\cmd;C:\Users\abhishesrivasta6\AppData\Local\GitHubDesktop\bin;C:\ProgramData;C:\ProgramData\Jenkins;C:\Users\abhishesrivasta6\AppData\Local\Programs\Git\cmd\git.exe;C:\Users\abhishesrivasta6\OneDrive - Deloitte (O365D)\Documents\AnypointStudio\plugins;C:\Users\abhishesrivasta6\Downloads\apache-maven-3.8.5-bin\apache-maven-3.8.5\bin;C:\Users\abhishesrivasta6\Documents;C:\Program Files\sfdx\bin;C:\Users\abhishesrivasta6\Documents\apache-ant-1.10.12-bin\apache-ant-1.10.12\bin;C:\Users\abhishesrivasta6\Downloads\apache-maven-3.9.1-bin\apache-maven-3.9.1\bin;C:\Program Files\sfdx\bin;C:\Program Files\Kube;C:\Users\abhishesrivasta6\Downloads\apache-maven-3.8.6-bin (1)\apache-maven-3.8.6\bin;C:\Program Files (x86)\GnuWin32\bin;C:\Users\abhishesrivasta6\AppData\Local\Programs\Git\usr\bin\vendor_perl;C:\Users\abhishesrivasta6\AppData\Local\Programs\Git\usr\bin\core_perl;."/>
    <property name="java.vm.info" value="mixed mode, sharing"/>
    <property name="java.vendor" value="Oracle Corporation"/>
    <property name="java.vm.version" value="18.0.1+10-24"/>
    <property name="sun.io.unicode.encoding" value="UnicodeLittle"/>
    <property name="java.class.version" value="62.0"/>
  </properties>
  <testcase name="testApp" classname="jar.AppTest" time="0.004"/>
</testsuite>